<?xml version="1.0" encoding="UTF-8"?>
<!-- Generated by org.testng.reporters.JUnitReportReporter -->
<testsuite skipped="0" hostname="FERNANDOs-MacBook-Pro.local" name="framework.BasePage" tests="6" failures="0" timestamp="11 Aug 2019 22:54:38 GMT" time="3.719" errors="0">
  <testcase name="SignIn" time="0.454" classname="framework.BasePage"/>
  <testcase name="Create" time="0.783" classname="framework.BasePage"/>
  <testcase name="Read" time="0.859" classname="framework.BasePage"/>
  <testcase name="Update" time="0.991" classname="framework.BasePage"/>
  <testcase name="Delete" time="0.367" classname="framework.BasePage"/>
  <testcase name="SignOut" time="0.265" classname="framework.BasePage"/>
</testsuite> <!-- framework.BasePage -->
