<?xml version="1.0" encoding="UTF-8"?>
<!-- Generated by org.testng.reporters.JUnitReportReporter -->
<testsuite skipped="0" hostname="FERNANDOs-MacBook-Pro.local" name="framework.BasePage" tests="6" failures="0" timestamp="13 Aug 2019 16:10:27 GMT" time="3.695" errors="0">
  <testcase name="SignIn" time="0.484" classname="framework.BasePage"/>
  <testcase name="Create" time="0.780" classname="framework.BasePage"/>
  <testcase name="Read" time="0.865" classname="framework.BasePage"/>
  <testcase name="Update" time="0.989" classname="framework.BasePage"/>
  <testcase name="Delete" time="0.333" classname="framework.BasePage"/>
  <testcase name="SignOut" time="0.244" classname="framework.BasePage"/>
</testsuite> <!-- framework.BasePage -->
