<?xml version="1.0" encoding="UTF-8"?>
<!-- Generated by org.testng.reporters.JUnitReportReporter -->
<testsuite skipped="0" hostname="FERNANDOs-MacBook-Pro.local" name="framework.BasePage" tests="5" failures="0" timestamp="11 Aug 2019 19:54:03 GMT" time="23.616" errors="0">
  <testcase name="SignIn" time="2.469" classname="framework.BasePage"/>
  <testcase name="Create" time="4.669" classname="framework.BasePage"/>
  <testcase name="Read" time="5.000" classname="framework.BasePage"/>
  <testcase name="Update" time="5.144" classname="framework.BasePage"/>
  <testcase name="Delete" time="6.334" classname="framework.BasePage"/>
</testsuite> <!-- framework.BasePage -->
